<?xml version="1.0" encoding="UTF-8"?>
<!-- Generated by org.testng.reporters.JUnitReportReporter -->
<testsuite hostname="DESKTOP-NIMS9DE" failures="0" tests="3" name="runner1.RunnerLogin" time="44.742" errors="0" timestamp="2022-09-30T08:46:53 IST" skipped="0">
  <testcase classname="runner1.RunnerLogin" name="runScenario" time="10.129"/>
  <system-out/>
  <testcase classname="runner1.RunnerLogin" name="runScenario" time="8.823"/>
  <system-out/>
  <testcase classname="runner1.RunnerLogin" name="runScenario" time="25.790"/>
  <system-out/>
</testsuite> <!-- runner1.RunnerLogin -->
