<?xml version="1.0" encoding="UTF-8"?>
<!-- Generated by org.testng.reporters.JUnitReportReporter -->
<testsuite hostname="DESKTOP-NIMS9DE" failures="0" tests="2" name="runner.CucumberRunner" time="6.471" errors="0" timestamp="2022-09-16T09:06:49 IST" skipped="0">
  <testcase classname="runner.CucumberRunner" name="runScenario" time="2.462"/>
  <system-out/>
  <testcase classname="runner.CucumberRunner" name="runScenario" time="4.009"/>
  <system-out/>
</testsuite> <!-- runner.CucumberRunner -->
