<?xml version="1.0" encoding="UTF-8"?>
<!-- Generated by org.testng.reporters.JUnitReportReporter -->
<testsuite hostname="DESKTOP-NIMS9DE" failures="0" tests="1" name="runner.CucumberRunner" time="6.204" errors="0" timestamp="2022-09-12T08:52:57 IST" skipped="0">
  <testcase classname="runner.CucumberRunner" name="runScenario" time="6.204"/>
  <system-out/>
</testsuite> <!-- runner.CucumberRunner -->
