<?xml version="1.0" encoding="UTF-8"?>
<!-- Generated by org.testng.reporters.JUnitReportReporter -->
<testsuite hostname="DESKTOP-NIMS9DE" failures="0" tests="3" name="runner1.RunnerLogin" time="11.522" errors="0" timestamp="2022-09-16T09:10:08 IST" skipped="0">
  <testcase classname="runner1.RunnerLogin" name="runScenario" time="3.251"/>
  <system-out/>
  <testcase classname="runner1.RunnerLogin" name="runScenario" time="5.539"/>
  <system-out/>
  <testcase classname="runner1.RunnerLogin" name="runScenario" time="2.732"/>
  <system-out/>
</testsuite> <!-- runner1.RunnerLogin -->
