<?xml version="1.0" encoding="UTF-8"?>
<!-- Generated by org.testng.reporters.JUnitReportReporter -->
<testsuite hostname="DESKTOP-NIMS9DE" failures="0" tests="2" name="runner.CucumberRunner" time="6.030" errors="0" timestamp="2022-09-13T08:52:43 IST" skipped="0">
  <testcase classname="runner.CucumberRunner" name="runScenario" time="2.086"/>
  <system-out/>
  <testcase classname="runner.CucumberRunner" name="runScenario" time="3.944"/>
  <system-out/>
</testsuite> <!-- runner.CucumberRunner -->
